<?xml version="1.0" encoding="UTF-8"?>
<!-- Generated by org.testng.reporters.JUnitReportReporter -->
<testsuite skipped="0" hostname="Adeyeye-PC" name="appiumFrameworkTest.ApiDemoTest_FrameW" tests="2" failures="0" timestamp="2020-03-04T11:29:36 WAT" time="86.259" errors="0">
  <testcase name="apiDemosTest" time="44.548" classname="appiumFrameworkTest.ApiDemoTest_FrameW"/>
  <testcase name="apiDemosTest" time="41.711" classname="appiumFrameworkTest.ApiDemoTest_FrameW"/>
</testsuite> <!-- appiumFrameworkTest.ApiDemoTest_FrameW -->
