<?xml version="1.0" encoding="UTF-8"?>
<!-- Generated by org.testng.reporters.JUnitReportReporter -->
<testsuite skipped="0" hostname="Adeyeye-PC" name="appiumFrameworkTest.ApiDemoTest_FrameW" tests="2" failures="0" timestamp="2020-03-04T16:45:59 WAT" time="95.737" errors="0">
  <testcase name="apiDemosTest" time="48.463" classname="appiumFrameworkTest.ApiDemoTest_FrameW"/>
  <testcase name="apiDemosTest" time="47.274" classname="appiumFrameworkTest.ApiDemoTest_FrameW"/>
</testsuite> <!-- appiumFrameworkTest.ApiDemoTest_FrameW -->
