<?xml version="1.0" encoding="UTF-8"?>
<!-- Generated by org.testng.reporters.JUnitReportReporter -->
<testsuite skipped="0" hostname="Adeyeye-PC" name="appiumFrameworkTest.ApiDemoTest_FrameW" tests="2" failures="0" timestamp="2020-03-16T13:02:27 WAT" time="74.500" errors="0">
  <testcase name="apiDemosTest" time="36.812" classname="appiumFrameworkTest.ApiDemoTest_FrameW"/>
  <testcase name="apiDemosTest" time="37.688" classname="appiumFrameworkTest.ApiDemoTest_FrameW"/>
</testsuite> <!-- appiumFrameworkTest.ApiDemoTest_FrameW -->
