<?xml version="1.0" encoding="UTF-8"?>
<!-- Generated by org.testng.reporters.JUnitReportReporter -->
<testsuite skipped="0" hostname="Adeyeye-PC" name="appiumFrameworkTest.Ecommerce_tc_4_FrameW" tests="1" failures="0" timestamp="2020-03-16T13:02:27 WAT" time="52.446" errors="0">
  <testcase name="TotalValidationTest" time="52.446" classname="appiumFrameworkTest.Ecommerce_tc_4_FrameW"/>
</testsuite> <!-- appiumFrameworkTest.Ecommerce_tc_4_FrameW -->
